[buddsoft.com/templates/8/index.html]
[backblue.gif]
[fade.gif]
[index.html]
[buddsoft.com/templates/8/img/favicon.0.delayed]
[cdnjs.cloudflare.com/ajax/libs/font-awesome/5.10.0/css/all.min.css]
[cdn.jsdelivr.net/npm/bootstrap-icons@1.4.1/font/bootstrap-icons.css]
[buddsoft.com/templates/8/index.html]
[buddsoft.com/templates/8/about.html]
[buddsoft.com/templates/8/service.html]
[buddsoft.com/templates/8/project.html]
[buddsoft.com/templates/8/feature.html]
[buddsoft.com/templates/8/team.html]
[buddsoft.com/templates/8/testimonial.html]
[buddsoft.com/templates/8/quote.html]
[buddsoft.com/templates/8/404.html]
[buddsoft.com/templates/8/contact.html]
[buddsoft.com/templates/8/img/carousel-1.jpg]
[buddsoft.com/templates/8/img/carousel-2.jpg]
[buddsoft.com/templates/8/img/icon/icon-1.png]
[buddsoft.com/templates/8/img/icon/icon-2.png]
[buddsoft.com/templates/8/img/icon/icon-3.png]
[buddsoft.com/templates/8/img/icon/icon-4.png]
[buddsoft.com/templates/8/img/icon/icon-5.png]
[buddsoft.com/templates/8/img/icon/icon-6.png]
[buddsoft.com/templates/8/img/icon/icon-7.png]
[buddsoft.com/templates/8/img/icon/icon-8.png]
[buddsoft.com/templates/8/img/icon/icon-9.png]
[buddsoft.com/templates/8/img/icon/icon-10.png]
[buddsoft.com/templates/8/img/project-1.jpg]
[buddsoft.com/templates/8/img/project-2.jpg]
[buddsoft.com/templates/8/img/project-3.jpg]
[buddsoft.com/templates/8/img/project-4.jpg]
[buddsoft.com/templates/8/img/team-1.jpg]
[buddsoft.com/templates/8/img/team-2.jpg]
[buddsoft.com/templates/8/img/team-3.jpg]
[buddsoft.com/templates/8/img/team-4.jpg]
[buddsoft.com/templates/8/img/testimonial-1.jpg]
[buddsoft.com/templates/8/img/testimonial-2.jpg]
[buddsoft.com/templates/8/img/testimonial-3.jpg]
[buddsoft.com/templates/8/img/testimonial-4.jpg]
[ajax.googleapis.com/ajax/libs/jquery/3.6.1/jquery.min.js]
[cdn.jsdelivr.net/npm/bootstrap@5.0.0/dist/js/bootstrap.bundle.min.js]
[buddsoft.com/templates/8/lib/wow/wow.min.js]
[buddsoft.com/templates/8/lib/easing/easing.min.js]
[buddsoft.com/templates/8/lib/waypoints/waypoints.min.js]
[buddsoft.com/templates/8/lib/owlcarousel/owl.carousel.min.js]
[buddsoft.com/templates/8/lib/lightbox/js/lightbox.min.js]
[buddsoft.com/templates/8/js/main.js]
[buddsoft.com/templates/8/index.html]
[buddsoft.com/templates/8/img/favicon.html]
[cdnjs.cloudflare.com/ajax/libs/font-awesome/5.10.0/css/all.min.css]
[cdn.jsdelivr.net/npm/bootstrap-icons@1.4.1/font/fonts/bootstrap-iconsfb95.woff2]
[cdn.jsdelivr.net/npm/bootstrap-icons@1.4.1/font/fonts/bootstrap-iconsfb95.woff]
[cdn.jsdelivr.net/npm/bootstrap-icons@1.4.1/font/bootstrap-icons.css]
[buddsoft.com/templates/8/lib/animate/animate.min.css]
[buddsoft.com/templates/8/lib/owlcarousel/assets/owl.video.play.png]
[buddsoft.com/templates/8/lib/owlcarousel/assets/owl.carousel.min.css]
[buddsoft.com/templates/8/lib/lightbox/images/loading.gif]
[buddsoft.com/templates/8/lib/lightbox/css/lightbox.min.css]
[buddsoft.com/templates/8/css/bootstrap.min.css]
[buddsoft.com/templates/8/img/about.jpg]
[buddsoft.com/templates/8/css/style.css]
[buddsoft.com/templates/8/index.html]
[buddsoft.com/templates/8/about.html]
[buddsoft.com/templates/8/service.html]
[buddsoft.com/templates/8/project.html]
[buddsoft.com/templates/8/feature.html]
[buddsoft.com/templates/8/team.html]
[buddsoft.com/templates/8/testimonial.html]
[buddsoft.com/templates/8/quote.html]
[buddsoft.com/templates/8/404.html]
[buddsoft.com/templates/8/contact.html]
